#
# There is insufficient memory for the Java Runtime Environment to continue.
# Native memory allocation (mmap) failed to map 132120576 bytes. Error detail: G1 virtual space
# Possible reasons:
#   The system is out of physical RAM or swap space
#   This process is running with CompressedOops enabled, and the Java Heap may be blocking the growth of the native heap
# Possible solutions:
#   Reduce memory load on the system
#   Increase physical memory or swap space
#   Check if swap backing store is full
#   Decrease Java heap size (-Xmx/-Xms)
#   Decrease number of Java threads
#   Decrease Java thread stack sizes (-Xss)
#   Set larger code cache with -XX:ReservedCodeCacheSize=
#   JVM is running with Unscaled Compressed Oops mode in which the Java heap is
#     placed in the first 4GB address space. The Java Heap base address is the
#     maximum limit for the native heap growth. Please use -XX:HeapBaseMinAddress
#     to set the Java Heap base and to place the Java Heap above 4GB virtual address.
# This output file may be truncated or incomplete.
#
#  Out of Memory Error (os_windows.cpp:3618), pid=19000, tid=20592
#
# JRE version:  (17.0.14+7) (build )
# Java VM: OpenJDK 64-Bit Server VM (17.0.14+7-LTS, mixed mode, sharing, tiered, compressed oops, compressed class ptrs, g1 gc, windows-amd64)
# No core dump will be written. Minidumps are not enabled by default on client versions of Windows
#

---------------  S U M M A R Y ------------

Command Line: -javaagent:C:\Program Files\JetBrains\IntelliJ IDEA Community Edition 2025.1.3\lib\idea_rt.jar=60052 -Dfile.encoding=UTF-8 progama_JWT.sitema_de_autentificacion.SitemaDeAutentificacionApplication

Host: Intel(R) Core(TM) i5-1035G1 CPU @ 1.00GHz, 8 cores, 7G,  Windows 11 , 64 bit Build 22621 (10.0.22621.5415)
Time: Fri Sep 26 12:02:06 2025 Hora estándar central (México) elapsed time: 0.027459 seconds (0d 0h 0m 0s)

---------------  T H R E A D  ---------------

Current thread (0x000002c7abd49550):  JavaThread "Unknown thread" [_thread_in_vm, id=20592, stack(0x000000ddfe000000,0x000000ddfe100000)]

Stack: [0x000000ddfe000000,0x000000ddfe100000]
Native frames: (J=compiled Java code, j=interpreted, Vv=VM code, C=native code)
V  [jvm.dll+0x681069]
V  [jvm.dll+0x838cca]
V  [jvm.dll+0x83a78e]
V  [jvm.dll+0x83adf3]
V  [jvm.dll+0x24826f]
V  [jvm.dll+0x67dd99]
V  [jvm.dll+0x67286a]
V  [jvm.dll+0x30826b]
V  [jvm.dll+0x30f756]
V  [jvm.dll+0x35face]
V  [jvm.dll+0x35fd0f]
V  [jvm.dll+0x2df21c]
V  [jvm.dll+0x2e0174]
V  [jvm.dll+0x80a48b]
V  [jvm.dll+0x36d841]
V  [jvm.dll+0x7e8db5]
V  [jvm.dll+0x3f154f]
V  [jvm.dll+0x3f30c1]
C  [jli.dll+0x52ab]
C  [ucrtbase.dll+0x29333]
C  [KERNEL32.DLL+0x1259d]
C  [ntdll.dll+0x5af78]


---------------  P R O C E S S  ---------------

Threads class SMR info:
_java_thread_list=0x00007fff59f18f18, length=0, elements={
}

Java Threads: ( => current thread )

Other Threads:
  0x000002c7abda1b10 GCTaskThread "GC Thread#0" [stack: 0x000000ddfe100000,0x000000ddfe200000] [id=18672]
  0x000002c7abdb3850 ConcurrentGCThread "G1 Main Marker" [stack: 0x000000ddfe200000,0x000000ddfe300000] [id=29228]
  0x000002c7abdb4920 ConcurrentGCThread "G1 Conc#0" [stack: 0x000000ddfe300000,0x000000ddfe400000] [id=13320]

[error occurred during error reporting (printing all threads), id 0xc0000005, EXCEPTION_ACCESS_VIOLATION (0xc0000005) at pc=0x00007fff596cf957]

VM state: not at safepoint (not fully initialized)

VM Mutex/Monitor currently owned by a thread:  ([mutex/lock_event])
[0x000002c7abd451a0] Heap_lock - owner thread: 0x000002c7abd49550

Heap address: 0x0000000083a00000, size: 1990 MB, Compressed Oops mode: 32-bit

CDS archive(s) mapped at: [0x0000000000000000-0x0000000000000000-0x0000000000000000), size 0, SharedBaseAddress: 0x0000000800000000, ArchiveRelocationMode: 1.
Narrow klass base: 0x0000000000000000, Narrow klass shift: 0, Narrow klass range: 0x0

GC Precious Log:
<Empty>

Heap:
 garbage-first heap   total 0K, used 0K [0x0000000083a00000, 0x0000000100000000)
  region size 1024K, 0 young (0K), 0 survivors (0K)

[error occurred during error reporting (printing heap information), id 0xc0000005, EXCEPTION_ACCESS_VIOLATION (0xc0000005) at pc=0x00007fff59aba2b9]

GC Heap History (0 events):
No events

Dll operation events (1 events):
Event: 0.018 Loaded shared library C:\Users\dulce\.jdks\corretto-17.0.14\bin\java.dll

Deoptimization events (0 events):
No events

Classes loaded (0 events):
No events

Classes unloaded (0 events):
No events

Classes redefined (0 events):
No events

Internal exceptions (0 events):
No events

VM Operations (0 events):
No events

Memory protections (0 events):
No events

Nmethod flushes (0 events):
No events

Events (0 events):
No events


Dynamic libraries:
0x00007ff6d7e30000 - 0x00007ff6d7e3e000 	C:\Users\dulce\.jdks\corretto-17.0.14\bin\java.exe
0x00007fffee6f0000 - 0x00007fffee907000 	C:\WINDOWS\SYSTEM32\ntdll.dll
0x00007fffed880000 - 0x00007fffed944000 	C:\WINDOWS\System32\KERNEL32.DLL
0x00007fffebf20000 - 0x00007fffec2f2000 	C:\WINDOWS\System32\KERNELBASE.dll
0x00007fffeb7e0000 - 0x00007fffeb8f1000 	C:\WINDOWS\System32\ucrtbase.dll
0x00007fffc5170000 - 0x00007fffc518b000 	C:\Users\dulce\.jdks\corretto-17.0.14\bin\VCRUNTIME140.dll
0x00007fffc8830000 - 0x00007fffc8847000 	C:\Users\dulce\.jdks\corretto-17.0.14\bin\jli.dll
0x00007fffed410000 - 0x00007fffed5c1000 	C:\WINDOWS\System32\USER32.dll
0x00007fffeba70000 - 0x00007fffeba96000 	C:\WINDOWS\System32\win32u.dll
0x00007fffee4e0000 - 0x00007fffee509000 	C:\WINDOWS\System32\GDI32.dll
0x00007fffdaa30000 - 0x00007fffdaccb000 	C:\WINDOWS\WinSxS\amd64_microsoft.windows.common-controls_6595b64144ccf1df_6.0.22621.5697_none_27154c497380d676\COMCTL32.dll
0x00007fffebbe0000 - 0x00007fffebd03000 	C:\WINDOWS\System32\gdi32full.dll
0x00007fffed9c0000 - 0x00007fffeda67000 	C:\WINDOWS\System32\msvcrt.dll
0x00007fffebe80000 - 0x00007fffebf1a000 	C:\WINDOWS\System32\msvcp_win.dll
0x00007fffed350000 - 0x00007fffed381000 	C:\WINDOWS\System32\IMM32.DLL
0x00007fffe4e80000 - 0x00007fffe4e8c000 	C:\Users\dulce\.jdks\corretto-17.0.14\bin\vcruntime140_1.dll
0x00007fffabda0000 - 0x00007fffabe2d000 	C:\Users\dulce\.jdks\corretto-17.0.14\bin\msvcp140.dll
0x00007fff593e0000 - 0x00007fff5a04c000 	C:\Users\dulce\.jdks\corretto-17.0.14\bin\server\jvm.dll
0x00007fffee510000 - 0x00007fffee5c1000 	C:\WINDOWS\System32\ADVAPI32.dll
0x00007fffec820000 - 0x00007fffec8c8000 	C:\WINDOWS\System32\sechost.dll
0x00007fffebd90000 - 0x00007fffebdb8000 	C:\WINDOWS\System32\bcrypt.dll
0x00007fffed640000 - 0x00007fffed757000 	C:\WINDOWS\System32\RPCRT4.dll
0x00007fffed2d0000 - 0x00007fffed341000 	C:\WINDOWS\System32\WS2_32.dll
0x00007fffeb6b0000 - 0x00007fffeb6fd000 	C:\WINDOWS\SYSTEM32\POWRPROF.dll
0x00007fffe48f0000 - 0x00007fffe4924000 	C:\WINDOWS\SYSTEM32\WINMM.dll
0x00007fffe53d0000 - 0x00007fffe53da000 	C:\WINDOWS\SYSTEM32\VERSION.dll
0x00007fffeb690000 - 0x00007fffeb6a3000 	C:\WINDOWS\SYSTEM32\UMPDC.dll
0x00007fffea7c0000 - 0x00007fffea7d8000 	C:\WINDOWS\SYSTEM32\kernel.appcore.dll
0x00007fffd6430000 - 0x00007fffd643a000 	C:\Users\dulce\.jdks\corretto-17.0.14\bin\jimage.dll
0x00007fffe9140000 - 0x00007fffe9373000 	C:\WINDOWS\SYSTEM32\DBGHELP.DLL
0x00007fffece80000 - 0x00007fffed212000 	C:\WINDOWS\System32\combase.dll
0x00007fffee5d0000 - 0x00007fffee6a8000 	C:\WINDOWS\System32\OLEAUT32.dll
0x00007fffe2930000 - 0x00007fffe2962000 	C:\WINDOWS\SYSTEM32\dbgcore.DLL
0x00007fffec300000 - 0x00007fffec37b000 	C:\WINDOWS\System32\bcryptPrimitives.dll
0x00007fffd1f30000 - 0x00007fffd1f3e000 	C:\Users\dulce\.jdks\corretto-17.0.14\bin\instrument.dll
0x00007fffc5140000 - 0x00007fffc5165000 	C:\Users\dulce\.jdks\corretto-17.0.14\bin\java.dll

dbghelp: loaded successfully - version: 4.0.5 - missing functions: none
symbol engine: initialized successfully - sym options: 0x614 - pdb path: .;C:\Users\dulce\.jdks\corretto-17.0.14\bin;C:\WINDOWS\SYSTEM32;C:\WINDOWS\WinSxS\amd64_microsoft.windows.common-controls_6595b64144ccf1df_6.0.22621.5697_none_27154c497380d676;C:\Users\dulce\.jdks\corretto-17.0.14\bin\server

VM Arguments:
jvm_args: -javaagent:C:\Program Files\JetBrains\IntelliJ IDEA Community Edition 2025.1.3\lib\idea_rt.jar=60052 -Dfile.encoding=UTF-8 
java_command: progama_JWT.sitema_de_autentificacion.SitemaDeAutentificacionApplication
java_class_path (initial): C:\Users\dulce\Pictures\JWT\sitema_de_autentificacion\target\classes;C:\Users\dulce\.m2\repository\org\springframework\boot\spring-boot-starter-data-jpa\3.5.3\spring-boot-starter-data-jpa-3.5.3.jar;C:\Users\dulce\.m2\repository\org\springframework\boot\spring-boot-starter\3.5.3\spring-boot-starter-3.5.3.jar;C:\Users\dulce\.m2\repository\org\springframework\boot\spring-boot-starter-logging\3.5.3\spring-boot-starter-logging-3.5.3.jar;C:\Users\dulce\.m2\repository\ch\qos\logback\logback-classic\1.5.18\logback-classic-1.5.18.jar;C:\Users\dulce\.m2\repository\ch\qos\logback\logback-core\1.5.18\logback-core-1.5.18.jar;C:\Users\dulce\.m2\repository\org\apache\logging\log4j\log4j-to-slf4j\2.24.3\log4j-to-slf4j-2.24.3.jar;C:\Users\dulce\.m2\repository\org\apache\logging\log4j\log4j-api\2.24.3\log4j-api-2.24.3.jar;C:\Users\dulce\.m2\repository\org\slf4j\jul-to-slf4j\2.0.17\jul-to-slf4j-2.0.17.jar;C:\Users\dulce\.m2\repository\jakarta\annotation\jakarta.annotation-api\2.1.1\jakarta.annotation-api-2.1.1.jar;C:\Users\dulce\.m2\repository\org\yaml\snakeyaml\2.4\snakeyaml-2.4.jar;C:\Users\dulce\.m2\repository\org\springframework\boot\spring-boot-starter-jdbc\3.5.3\spring-boot-starter-jdbc-3.5.3.jar;C:\Users\dulce\.m2\repository\com\zaxxer\HikariCP\6.3.0\HikariCP-6.3.0.jar;C:\Users\dulce\.m2\repository\org\springframework\spring-jdbc\6.2.8\spring-jdbc-6.2.8.jar;C:\Users\dulce\.m2\repository\org\hibernate\orm\hibernate-core\6.6.18.Final\hibernate-core-6.6.18.Final.jar;C:\Users\dulce\.m2\repository\jakarta\persistence\jakarta.persistence-api\3.1.0\jakarta.persistence-api-3.1.0.jar;C:\Users\dulce\.m2\repository\jakarta\transaction\jakarta.transaction-api\2.0.1\jakarta.transaction-api-2.0.1.jar;C:\Users\dulce\.m2\repository\org\jboss\logging\jboss-logging\3.6.1.Final\jboss-logging-3.6.1.Final.jar;C:\Users\dulce\.m2\repository\org\hibernate\common\hibernate-commons-annotations\7.0.3.Final\hibernate-commons-annotations-7.0.3.Final.jar;C:\Users\dulce\.m2\repos
Launcher Type: SUN_STANDARD

[Global flags]
     intx CICompilerCount                          = 4                                         {product} {ergonomic}
     uint ConcGCThreads                            = 2                                         {product} {ergonomic}
     uint G1ConcRefinementThreads                  = 8                                         {product} {ergonomic}
   size_t G1HeapRegionSize                         = 1048576                                   {product} {ergonomic}
    uintx GCDrainStackTargetSize                   = 64                                        {product} {ergonomic}
   size_t InitialHeapSize                          = 132120576                                 {product} {ergonomic}
   size_t MarkStackSize                            = 4194304                                   {product} {ergonomic}
   size_t MaxHeapSize                              = 2086666240                                {product} {ergonomic}
   size_t MinHeapDeltaBytes                        = 1048576                                   {product} {ergonomic}
   size_t MinHeapSize                              = 8388608                                   {product} {ergonomic}
    uintx NonNMethodCodeHeapSize                   = 5839372                                {pd product} {ergonomic}
    uintx NonProfiledCodeHeapSize                  = 122909434                              {pd product} {ergonomic}
    uintx ProfiledCodeHeapSize                     = 122909434                              {pd product} {ergonomic}
    uintx ReservedCodeCacheSize                    = 251658240                              {pd product} {ergonomic}
     bool SegmentedCodeCache                       = true                                      {product} {ergonomic}
   size_t SoftMaxHeapSize                          = 2086666240                             {manageable} {ergonomic}
     bool UseCompressedClassPointers               = true                           {product lp64_product} {ergonomic}
     bool UseCompressedOops                        = true                           {product lp64_product} {ergonomic}
     bool UseG1GC                                  = true                                      {product} {ergonomic}
     bool UseLargePagesIndividualAllocation        = false                                  {pd product} {ergonomic}

Logging:
Log output configuration:
 #0: stdout all=warning uptime,level,tags
 #1: stderr all=off uptime,level,tags

Environment Variables:
PATH=C:\Python313\Scripts\;C:\Python313\;C:\oraclexe\app\oracle\product\10.2.0\server\bin;C:\Program Files\Common Files\Oracle\Java\javapath;C:\Program Files (x86)\Common Files\Oracle\Java\java8path;C:\Program Files (x86)\Common Files\Oracle\Java\javapath;C:\WINDOWS\system32;C:\WINDOWS;C:\WINDOWS\System32\Wbem;C:\WINDOWS\System32\WindowsPowerShell\v1.0\;C:\WINDOWS\System32\OpenSSH\;C:\Program Files\dotnet\;C:\developer\apache-maven\bin;C:\ProgramData\chocolatey\bin;C:\Program Files\Git\cmd;C:\Program Files\nodejs\;C:\Program Files\apache-maven-3.9.9\bin;C:\Program Files\MySQL\MySQL Shell 8.0\bin\;C:\Users\dulce\AppData\Local\Microsoft\WindowsApps;C:\Users\dulce\AppData\Local\Programs\Microsoft VS Code\bin;C:\Program Files\JetBrains\IntelliJ IDEA 2024.3\bin;;C:\Users\dulce\AppData\Roaming\npm;C:\Program Files\apache-maven-3.9.9;;C:\Program Files\JetBrains\IntelliJ IDEA Community Edition 2025.1.3\bin;
USERNAME=dulce
OS=Windows_NT
PROCESSOR_IDENTIFIER=Intel64 Family 6 Model 126 Stepping 5, GenuineIntel
TMP=C:\Users\dulce\AppData\Local\Temp
TEMP=C:\Users\dulce\AppData\Local\Temp



Periodic native trim disabled


---------------  S Y S T E M  ---------------

OS:
 Windows 11 , 64 bit Build 22621 (10.0.22621.5415)
OS uptime: 12 days 17:19 hours

CPU: total 8 (initial active 8) (4 cores per cpu, 2 threads per core) family 6 model 126 stepping 5 microcode 0xca, cx8, cmov, fxsr, ht, mmx, 3dnowpref, sse, sse2, sse3, ssse3, sse4.1, sse4.2, popcnt, lzcnt, tsc, tscinvbit, avx, avx2, aes, erms, clmul, bmi1, bmi2, adx, avx512f, avx512dq, avx512cd, avx512bw, avx512vl, sha, fma, vzeroupper, avx512_vpopcntdq, avx512_vpclmulqdq, avx512_vaes, avx512_vnni, clflush, clflushopt, avx512_vbmi2, avx512_vbmi
Processor Information for all 8 processors :
  Max Mhz: 1190, Current Mhz: 991, Mhz Limit: 987

Memory: 4k page, system-wide physical 7958M (361M free)
TotalPageFile size 17537M (AvailPageFile size 85M)
current process WorkingSet (physical memory assigned to process): 11M, peak: 11M
current process commit charge ("private bytes"): 60M, peak: 186M

vm_info: OpenJDK 64-Bit Server VM (17.0.14+7-LTS) for windows-amd64 JRE (17.0.14+7-LTS), built on Jan  7 2025 20:14:24 by "Administrator" with MS VC++ 16.10 / 16.11 (VS2019)

END.
