#
# There is insufficient memory for the Java Runtime Environment to continue.
# Native memory allocation (malloc) failed to allocate 476624 bytes. Error detail: Chunk::new
# Possible reasons:
#   The system is out of physical RAM or swap space
#   This process is running with CompressedOops enabled, and the Java Heap may be blocking the growth of the native heap
# Possible solutions:
#   Reduce memory load on the system
#   Increase physical memory or swap space
#   Check if swap backing store is full
#   Decrease Java heap size (-Xmx/-Xms)
#   Decrease number of Java threads
#   Decrease Java thread stack sizes (-Xss)
#   Set larger code cache with -XX:ReservedCodeCacheSize=
#   JVM is running with Unscaled Compressed Oops mode in which the Java heap is
#     placed in the first 4GB address space. The Java Heap base address is the
#     maximum limit for the native heap growth. Please use -XX:HeapBaseMinAddress
#     to set the Java Heap base and to place the Java Heap above 4GB virtual address.
# This output file may be truncated or incomplete.
#
#  Out of Memory Error (arena.cpp:191), pid=1820, tid=9764
#
# JRE version: OpenJDK Runtime Environment Corretto-17.0.14.7.1 (17.0.14+7) (build 17.0.14+7-LTS)
# Java VM: OpenJDK 64-Bit Server VM Corretto-17.0.14.7.1 (17.0.14+7-LTS, mixed mode, sharing, tiered, compressed oops, compressed class ptrs, g1 gc, windows-amd64)
# No core dump will be written. Minidumps are not enabled by default on client versions of Windows
#

---------------  S U M M A R Y ------------

Command Line: -javaagent:C:\Program Files\JetBrains\IntelliJ IDEA Community Edition 2025.1.3\lib\idea_rt.jar=60061 -Dfile.encoding=UTF-8 progama_JWT.sitema_de_autentificacion.SitemaDeAutentificacionApplication

Host: Intel(R) Core(TM) i5-1035G1 CPU @ 1.00GHz, 8 cores, 7G,  Windows 11 , 64 bit Build 22621 (10.0.22621.5415)
Time: Fri Sep 26 12:02:25 2025 Hora estándar central (México) elapsed time: 14.492361 seconds (0d 0h 0m 14s)

---------------  T H R E A D  ---------------

Current thread (0x000002315188cae0):  JavaThread "C2 CompilerThread0" daemon [_thread_in_native, id=9764, stack(0x000000c9b6c00000,0x000000c9b6d00000)]


Current CompileTask:
C2:  14492 6422   !   4       java.util.zip.ZipFile::getEntry (59 bytes)

Stack: [0x000000c9b6c00000,0x000000c9b6d00000]
Native frames: (J=compiled Java code, j=interpreted, Vv=VM code, C=native code)
V  [jvm.dll+0x681069]
V  [jvm.dll+0x838cca]
V  [jvm.dll+0x83a78e]
V  [jvm.dll+0x83adf3]
V  [jvm.dll+0x24826f]
V  [jvm.dll+0xac9f4]
V  [jvm.dll+0xad03c]
V  [jvm.dll+0x367937]
V  [jvm.dll+0x331cda]
V  [jvm.dll+0x33117a]
V  [jvm.dll+0x21a7b1]
V  [jvm.dll+0x219bf1]
V  [jvm.dll+0x1a599d]
V  [jvm.dll+0x22994d]
V  [jvm.dll+0x227adc]
V  [jvm.dll+0x7edb77]
V  [jvm.dll+0x7e7f6c]
V  [jvm.dll+0x67ff37]
C  [ucrtbase.dll+0x29333]
C  [KERNEL32.DLL+0x1259d]
C  [ntdll.dll+0x5af78]


---------------  P R O C E S S  ---------------

Threads class SMR info:
_java_thread_list=0x0000023197812270, length=33, elements={
0x000002315186d520, 0x000002315186e880, 0x00000231518802f0, 0x0000023151884ec0,
0x000002315188a440, 0x000002315188ae00, 0x000002315188cae0, 0x00000231518996e0,
0x000002315189abb0, 0x0000023151ac3850, 0x0000023151ac4270, 0x0000023151ac5bc0,
0x0000023151ac4780, 0x0000023151ac56b0, 0x0000023151ac7000, 0x00000231977442c0,
0x0000023197745c10, 0x0000023197745700, 0x0000023197747560, 0x0000023197747f80,
0x00000231977438a0, 0x0000023197740b10, 0x0000023197747a70, 0x0000023197743390,
0x00000231977447d0, 0x0000023197746630, 0x0000023197746b40, 0x0000023197742460,
0x0000023197744ce0, 0x0000023197748490, 0x0000023197743db0, 0x00000231977451f0,
0x0000023197746120
}

Java Threads: ( => current thread )
  0x000002315186d520 JavaThread "Reference Handler" daemon [_thread_blocked, id=24688, stack(0x000000c9b6600000,0x000000c9b6700000)]
  0x000002315186e880 JavaThread "Finalizer" daemon [_thread_blocked, id=26280, stack(0x000000c9b6700000,0x000000c9b6800000)]
  0x00000231518802f0 JavaThread "Signal Dispatcher" daemon [_thread_blocked, id=23564, stack(0x000000c9b6800000,0x000000c9b6900000)]
  0x0000023151884ec0 JavaThread "Attach Listener" daemon [_thread_blocked, id=22192, stack(0x000000c9b6900000,0x000000c9b6a00000)]
  0x000002315188a440 JavaThread "Service Thread" daemon [_thread_blocked, id=11848, stack(0x000000c9b6a00000,0x000000c9b6b00000)]
  0x000002315188ae00 JavaThread "Monitor Deflation Thread" daemon [_thread_blocked, id=20204, stack(0x000000c9b6b00000,0x000000c9b6c00000)]
=>0x000002315188cae0 JavaThread "C2 CompilerThread0" daemon [_thread_in_native, id=9764, stack(0x000000c9b6c00000,0x000000c9b6d00000)]
  0x00000231518996e0 JavaThread "C1 CompilerThread0" daemon [_thread_blocked, id=9208, stack(0x000000c9b6d00000,0x000000c9b6e00000)]
  0x000002315189abb0 JavaThread "Sweeper thread" daemon [_thread_blocked, id=29964, stack(0x000000c9b6e00000,0x000000c9b6f00000)]
  0x0000023151ac3850 JavaThread "Common-Cleaner" daemon [_thread_blocked, id=17500, stack(0x000000c9b6f00000,0x000000c9b7000000)]
  0x0000023151ac4270 JavaThread "Monitor Ctrl-Break" daemon [_thread_in_native, id=16668, stack(0x000000c9b7100000,0x000000c9b7200000)]
  0x0000023151ac5bc0 JavaThread "Notification Thread" daemon [_thread_blocked, id=23276, stack(0x000000c9b7200000,0x000000c9b7300000)]
  0x0000023151ac4780 JavaThread "mysql-cj-abandoned-connection-cleanup" daemon [_thread_blocked, id=30668, stack(0x000000c9b7e00000,0x000000c9b7f00000)]
  0x0000023151ac56b0 JavaThread "HikariPool-1:housekeeper" daemon [_thread_blocked, id=24252, stack(0x000000c9b8000000,0x000000c9b8100000)]
  0x0000023151ac7000 JavaThread "HikariPool-1:connection-adder" daemon [_thread_blocked, id=17624, stack(0x000000c9b8100000,0x000000c9b8200000)]
  0x00000231977442c0 JavaThread "Catalina-utility-1" [_thread_blocked, id=12576, stack(0x000000c9b7000000,0x000000c9b7100000)]
  0x0000023197745c10 JavaThread "Catalina-utility-2" [_thread_blocked, id=8368, stack(0x000000c9b8200000,0x000000c9b8300000)]
  0x0000023197745700 JavaThread "container-0" [_thread_blocked, id=29092, stack(0x000000c9b8300000,0x000000c9b8400000)]
  0x0000023197747560 JavaThread "File Watcher" daemon [_thread_blocked, id=28696, stack(0x000000c9b8400000,0x000000c9b8500000)]
  0x0000023197747f80 JavaThread "Live Reload Server" daemon [_thread_in_native, id=12776, stack(0x000000c9b8600000,0x000000c9b8700000)]
  0x00000231977438a0 JavaThread "http-nio-8096-exec-1" daemon [_thread_blocked, id=16640, stack(0x000000c9b8500000,0x000000c9b8600000)]
  0x0000023197740b10 JavaThread "http-nio-8096-exec-2" daemon [_thread_blocked, id=17636, stack(0x000000c9b8700000,0x000000c9b8800000)]
  0x0000023197747a70 JavaThread "http-nio-8096-exec-3" daemon [_thread_blocked, id=6940, stack(0x000000c9b8800000,0x000000c9b8900000)]
  0x0000023197743390 JavaThread "http-nio-8096-exec-4" daemon [_thread_blocked, id=27920, stack(0x000000c9b8900000,0x000000c9b8a00000)]
  0x00000231977447d0 JavaThread "http-nio-8096-exec-5" daemon [_thread_blocked, id=32324, stack(0x000000c9b8a00000,0x000000c9b8b00000)]
  0x0000023197746630 JavaThread "http-nio-8096-exec-6" daemon [_thread_blocked, id=7952, stack(0x000000c9b8b00000,0x000000c9b8c00000)]
  0x0000023197746b40 JavaThread "http-nio-8096-exec-7" daemon [_thread_blocked, id=2500, stack(0x000000c9b8c00000,0x000000c9b8d00000)]
  0x0000023197742460 JavaThread "http-nio-8096-exec-8" daemon [_thread_blocked, id=22872, stack(0x000000c9b8d00000,0x000000c9b8e00000)]
  0x0000023197744ce0 JavaThread "http-nio-8096-exec-9" daemon [_thread_blocked, id=30504, stack(0x000000c9b8e00000,0x000000c9b8f00000)]
  0x0000023197748490 JavaThread "http-nio-8096-exec-10" daemon [_thread_blocked, id=6872, stack(0x000000c9b8f00000,0x000000c9b9000000)]
  0x0000023197743db0 JavaThread "http-nio-8096-Poller" daemon [_thread_in_native, id=25876, stack(0x000000c9b9000000,0x000000c9b9100000)]
  0x00000231977451f0 JavaThread "http-nio-8096-Acceptor" daemon [_thread_in_native, id=22444, stack(0x000000c9b9100000,0x000000c9b9200000)]
  0x0000023197746120 JavaThread "DestroyJavaVM" [_thread_blocked, id=28088, stack(0x000000c9b5f00000,0x000000c9b6000000)]

Other Threads:
  0x0000023151867840 VMThread "VM Thread" [stack: 0x000000c9b6500000,0x000000c9b6600000] [id=24264]
  0x00000231335dadc0 WatcherThread [stack: 0x000000c9b7300000,0x000000c9b7400000] [id=13828]
  0x0000023133632550 GCTaskThread "GC Thread#0" [stack: 0x000000c9b6000000,0x000000c9b6100000] [id=6628]
  0x0000023197881d80 GCTaskThread "GC Thread#1" [stack: 0x000000c9b7600000,0x000000c9b7700000] [id=11784]
  0x0000023197a3c020 GCTaskThread "GC Thread#2" [stack: 0x000000c9b7700000,0x000000c9b7800000] [id=19200]
  0x000002319760ff00 GCTaskThread "GC Thread#3" [stack: 0x000000c9b7800000,0x000000c9b7900000] [id=8964]
  0x00000231976101c0 GCTaskThread "GC Thread#4" [stack: 0x000000c9b7900000,0x000000c9b7a00000] [id=9724]
  0x0000023197a23cc0 GCTaskThread "GC Thread#5" [stack: 0x000000c9b7a00000,0x000000c9b7b00000] [id=7976]
  0x00000231981f0b40 GCTaskThread "GC Thread#6" [stack: 0x000000c9b7c00000,0x000000c9b7d00000] [id=31124]
  0x0000023198361850 GCTaskThread "GC Thread#7" [stack: 0x000000c9b7d00000,0x000000c9b7e00000] [id=19248]
  0x0000023133643d70 ConcurrentGCThread "G1 Main Marker" [stack: 0x000000c9b6100000,0x000000c9b6200000] [id=9084]
  0x0000023133644790 ConcurrentGCThread "G1 Conc#0" [stack: 0x000000c9b6200000,0x000000c9b6300000] [id=10880]
  0x0000023198c62ee0 ConcurrentGCThread "G1 Conc#1" [stack: 0x000000c9b7b00000,0x000000c9b7c00000] [id=3596]
  0x000002313367ece0 ConcurrentGCThread "G1 Refine#0" [stack: 0x000000c9b6300000,0x000000c9b6400000] [id=32228]
  0x000002315171f010 ConcurrentGCThread "G1 Service" [stack: 0x000000c9b6400000,0x000000c9b6500000] [id=20620]

Threads with active compile tasks:
C2 CompilerThread0    14527 6422   !   4       java.util.zip.ZipFile::getEntry (59 bytes)

VM state: not at safepoint (normal execution)

VM Mutex/Monitor currently owned by a thread: None

Heap address: 0x0000000083a00000, size: 1990 MB, Compressed Oops mode: 32-bit

CDS archive(s) mapped at: [0x0000023152000000-0x0000023152bb0000-0x0000023152bb0000), size 12255232, SharedBaseAddress: 0x0000023152000000, ArchiveRelocationMode: 1.
Compressed class space mapped at: 0x0000023153000000-0x0000023193000000, reserved size: 1073741824
Narrow klass base: 0x0000023152000000, Narrow klass shift: 0, Narrow klass range: 0x100000000

GC Precious Log:
 CPUs: 8 total, 8 available
 Memory: 7958M
 Large Page Support: Disabled
 NUMA Support: Disabled
 Compressed Oops: Enabled (32-bit)
 Heap Region Size: 1M
 Heap Min Capacity: 8M
 Heap Initial Capacity: 126M
 Heap Max Capacity: 1990M
 Pre-touch: Disabled
 Parallel Workers: 8
 Concurrent Workers: 2
 Concurrent Refinement Workers: 8
 Periodic GC: Disabled

Heap:
 garbage-first heap   total 63488K, used 37988K [0x0000000083a00000, 0x0000000100000000)
  region size 1024K, 7 young (7168K), 3 survivors (3072K)
 Metaspace       used 72487K, committed 73088K, reserved 1114112K
  class space    used 9989K, committed 10240K, reserved 1048576K

Heap Regions: E=young(eden), S=young(survivor), O=old, HS=humongous(starts), HC=humongous(continues), CS=collection set, F=free, OA=open archive, CA=closed archive, TAMS=top-at-mark-start (previous, next)
|   0|0x0000000083a00000, 0x0000000083b00000, 0x0000000083b00000|100%|HS|  |TAMS 0x0000000083b00000, 0x0000000083a00000| Complete 
|   1|0x0000000083b00000, 0x0000000083c00000, 0x0000000083c00000|100%|HS|  |TAMS 0x0000000083c00000, 0x0000000083b00000| Complete 
|   2|0x0000000083c00000, 0x0000000083d00000, 0x0000000083d00000|100%| O|  |TAMS 0x0000000083d00000, 0x0000000083c00000| Untracked 
|   3|0x0000000083d00000, 0x0000000083e00000, 0x0000000083e00000|100%| O|  |TAMS 0x0000000083e00000, 0x0000000083d00000| Untracked 
|   4|0x0000000083e00000, 0x0000000083f00000, 0x0000000083f00000|100%| O|  |TAMS 0x0000000083f00000, 0x0000000083e00000| Untracked 
|   5|0x0000000083f00000, 0x0000000084000000, 0x0000000084000000|100%| O|  |TAMS 0x0000000084000000, 0x0000000083f00000| Untracked 
|   6|0x0000000084000000, 0x0000000084100000, 0x0000000084100000|100%| O|  |TAMS 0x0000000084100000, 0x0000000084000000| Untracked 
|   7|0x0000000084100000, 0x0000000084200000, 0x0000000084200000|100%| O|  |TAMS 0x0000000084200000, 0x0000000084100000| Untracked 
|   8|0x0000000084200000, 0x0000000084237000, 0x0000000084300000| 21%| O|  |TAMS 0x0000000084237000, 0x0000000084200000| Untracked 
|   9|0x0000000084300000, 0x0000000084400000, 0x0000000084400000|100%| O|  |TAMS 0x0000000084400000, 0x0000000084300000| Untracked 
|  10|0x0000000084400000, 0x0000000084500000, 0x0000000084500000|100%| O|  |TAMS 0x0000000084500000, 0x0000000084400000| Untracked 
|  11|0x0000000084500000, 0x0000000084600000, 0x0000000084600000|100%| O|  |TAMS 0x0000000084600000, 0x0000000084500000| Untracked 
|  12|0x0000000084600000, 0x0000000084700000, 0x0000000084700000|100%| O|  |TAMS 0x0000000084700000, 0x0000000084600000| Untracked 
|  13|0x0000000084700000, 0x0000000084800000, 0x0000000084800000|100%| O|  |TAMS 0x0000000084800000, 0x0000000084700000| Untracked 
|  14|0x0000000084800000, 0x0000000084900000, 0x0000000084900000|100%| O|  |TAMS 0x0000000084900000, 0x0000000084800000| Untracked 
|  15|0x0000000084900000, 0x0000000084a00000, 0x0000000084a00000|100%| O|  |TAMS 0x0000000084a00000, 0x0000000084900000| Untracked 
|  16|0x0000000084a00000, 0x0000000084b00000, 0x0000000084b00000|100%| O|  |TAMS 0x0000000084b00000, 0x0000000084a00000| Untracked 
|  17|0x0000000084b00000, 0x0000000084c00000, 0x0000000084c00000|100%| O|  |TAMS 0x0000000084c00000, 0x0000000084b00000| Untracked 
|  18|0x0000000084c00000, 0x0000000084d00000, 0x0000000084d00000|100%| O|  |TAMS 0x0000000084d00000, 0x0000000084c00000| Untracked 
|  19|0x0000000084d00000, 0x0000000084e00000, 0x0000000084e00000|100%| O|  |TAMS 0x0000000084e00000, 0x0000000084d00000| Untracked 
|  20|0x0000000084e00000, 0x0000000084f00000, 0x0000000084f00000|100%| O|  |TAMS 0x0000000084f00000, 0x0000000084e00000| Untracked 
|  21|0x0000000084f00000, 0x0000000085000000, 0x0000000085000000|100%| O|  |TAMS 0x0000000085000000, 0x0000000084f00000| Untracked 
|  22|0x0000000085000000, 0x0000000085100000, 0x0000000085100000|100%| O|  |TAMS 0x0000000085100000, 0x0000000085000000| Untracked 
|  23|0x0000000085100000, 0x0000000085200000, 0x0000000085200000|100%| O|  |TAMS 0x0000000085200000, 0x0000000085100000| Untracked 
|  24|0x0000000085200000, 0x0000000085300000, 0x0000000085300000|100%| O|  |TAMS 0x0000000085300000, 0x0000000085200000| Untracked 
|  25|0x0000000085300000, 0x0000000085400000, 0x0000000085400000|100%| O|  |TAMS 0x0000000085400000, 0x0000000085300000| Untracked 
|  26|0x0000000085400000, 0x0000000085500000, 0x0000000085500000|100%| O|  |TAMS 0x0000000085500000, 0x0000000085400000| Untracked 
|  27|0x0000000085500000, 0x0000000085600000, 0x0000000085600000|100%| O|  |TAMS 0x0000000085600000, 0x0000000085500000| Untracked 
|  28|0x0000000085600000, 0x0000000085700000, 0x0000000085700000|100%| O|  |TAMS 0x0000000085700000, 0x0000000085600000| Untracked 
|  29|0x0000000085700000, 0x0000000085800000, 0x0000000085800000|100%| O|  |TAMS 0x0000000085800000, 0x0000000085700000| Untracked 
|  30|0x0000000085800000, 0x0000000085900000, 0x0000000085900000|100%| O|  |TAMS 0x0000000085900000, 0x0000000085800000| Untracked 
|  31|0x0000000085900000, 0x00000000859f0600, 0x0000000085a00000| 93%| O|  |TAMS 0x00000000859f0600, 0x0000000085900000| Untracked 
|  32|0x0000000085a00000, 0x0000000085a00000, 0x0000000085b00000|  0%| F|  |TAMS 0x0000000085a00000, 0x0000000085a00000| Untracked 
|  33|0x0000000085b00000, 0x0000000085b00000, 0x0000000085c00000|  0%| F|  |TAMS 0x0000000085b00000, 0x0000000085b00000| Untracked 
|  34|0x0000000085c00000, 0x0000000085c00000, 0x0000000085d00000|  0%| F|  |TAMS 0x0000000085c00000, 0x0000000085c00000| Untracked 
|  35|0x0000000085d00000, 0x0000000085d00000, 0x0000000085e00000|  0%| F|  |TAMS 0x0000000085d00000, 0x0000000085d00000| Untracked 
|  36|0x0000000085e00000, 0x0000000085e00000, 0x0000000085f00000|  0%| F|  |TAMS 0x0000000085e00000, 0x0000000085e00000| Untracked 
|  37|0x0000000085f00000, 0x0000000085f00000, 0x0000000086000000|  0%| F|  |TAMS 0x0000000085f00000, 0x0000000085f00000| Untracked 
|  38|0x0000000086000000, 0x0000000086000000, 0x0000000086100000|  0%| F|  |TAMS 0x0000000086000000, 0x0000000086000000| Untracked 
|  39|0x0000000086100000, 0x00000000861f1cc0, 0x0000000086200000| 94%| S|CS|TAMS 0x0000000086100000, 0x0000000086100000| Complete 
|  40|0x0000000086200000, 0x0000000086300000, 0x0000000086300000|100%| S|CS|TAMS 0x0000000086200000, 0x0000000086200000| Complete 
|  41|0x0000000086300000, 0x0000000086400000, 0x0000000086400000|100%| S|CS|TAMS 0x0000000086300000, 0x0000000086300000| Complete 
|  42|0x0000000086400000, 0x0000000086400000, 0x0000000086500000|  0%| F|  |TAMS 0x0000000086400000, 0x0000000086400000| Untracked 
|  43|0x0000000086500000, 0x0000000086500000, 0x0000000086600000|  0%| F|  |TAMS 0x0000000086500000, 0x0000000086500000| Untracked 
|  44|0x0000000086600000, 0x0000000086600000, 0x0000000086700000|  0%| F|  |TAMS 0x0000000086600000, 0x0000000086600000| Untracked 
|  45|0x0000000086700000, 0x0000000086700000, 0x0000000086800000|  0%| F|  |TAMS 0x0000000086700000, 0x0000000086700000| Untracked 
|  46|0x0000000086800000, 0x0000000086800000, 0x0000000086900000|  0%| F|  |TAMS 0x0000000086800000, 0x0000000086800000| Untracked 
|  47|0x0000000086900000, 0x0000000086900000, 0x0000000086a00000|  0%| F|  |TAMS 0x0000000086900000, 0x0000000086900000| Untracked 
|  48|0x0000000086a00000, 0x0000000086a00000, 0x0000000086b00000|  0%| F|  |TAMS 0x0000000086a00000, 0x0000000086a00000| Untracked 
|  49|0x0000000086b00000, 0x0000000086b00000, 0x0000000086c00000|  0%| F|  |TAMS 0x0000000086b00000, 0x0000000086b00000| Untracked 
|  50|0x0000000086c00000, 0x0000000086c00000, 0x0000000086d00000|  0%| F|  |TAMS 0x0000000086c00000, 0x0000000086c00000| Untracked 
|  51|0x0000000086d00000, 0x0000000086d00000, 0x0000000086e00000|  0%| F|  |TAMS 0x0000000086d00000, 0x0000000086d00000| Untracked 
|  52|0x0000000086e00000, 0x0000000086e00000, 0x0000000086f00000|  0%| F|  |TAMS 0x0000000086e00000, 0x0000000086e00000| Untracked 
|  53|0x0000000086f00000, 0x0000000086f00000, 0x0000000087000000|  0%| F|  |TAMS 0x0000000086f00000, 0x0000000086f00000| Untracked 
|  59|0x0000000087500000, 0x0000000087500000, 0x0000000087600000|  0%| F|  |TAMS 0x0000000087500000, 0x0000000087500000| Untracked 
|  60|0x0000000087600000, 0x0000000087600000, 0x0000000087700000|  0%| F|  |TAMS 0x0000000087600000, 0x0000000087600000| Untracked 
|  61|0x0000000087700000, 0x0000000087700000, 0x0000000087800000|  0%| F|  |TAMS 0x0000000087700000, 0x0000000087700000| Untracked 
|  62|0x0000000087800000, 0x0000000087800000, 0x0000000087900000|  0%| F|  |TAMS 0x0000000087800000, 0x0000000087800000| Untracked 
|  63|0x0000000087900000, 0x0000000087a00000, 0x0000000087a00000|100%| E|  |TAMS 0x0000000087900000, 0x0000000087900000| Complete 
|  64|0x0000000087a00000, 0x0000000087b00000, 0x0000000087b00000|100%| E|CS|TAMS 0x0000000087a00000, 0x0000000087a00000| Complete 
|  65|0x0000000087b00000, 0x0000000087c00000, 0x0000000087c00000|100%| E|CS|TAMS 0x0000000087b00000, 0x0000000087b00000| Complete 
| 125|0x000000008b700000, 0x000000008b800000, 0x000000008b800000|100%| E|CS|TAMS 0x000000008b700000, 0x000000008b700000| Complete 

Card table byte_map: [0x000002314a820000,0x000002314ac10000] _byte_map_base: 0x000002314a403000

Marking Bits (Prev, Next): (CMBitMap*) 0x0000023133633b80, (CMBitMap*) 0x0000023133633bc0
 Prev Bits: [0x000002314b000000, 0x000002314cf18000)
 Next Bits: [0x000002314cf20000, 0x000002314ee38000)

Polling page: 0x0000023131750000

Metaspace:

Usage:
  Non-class:     61.03 MB used.
      Class:      9.76 MB used.
       Both:     70.79 MB used.

Virtual space:
  Non-class space:       64.00 MB reserved,      61.38 MB ( 96%) committed,  1 nodes.
      Class space:        1.00 GB reserved,      10.00 MB ( <1%) committed,  1 nodes.
             Both:        1.06 GB reserved,      71.38 MB (  7%) committed. 

Chunk freelists:
   Non-Class:  2.22 MB
       Class:  5.83 MB
        Both:  8.05 MB

MaxMetaspaceSize: unlimited
CompressedClassSpaceSize: 1.00 GB
Initial GC threshold: 21.00 MB
Current GC threshold: 118.25 MB
CDS: on
MetaspaceReclaimPolicy: balanced
 - commit_granule_bytes: 65536.
 - commit_granule_words: 8192.
 - virtual_space_node_default_size: 8388608.
 - enlarge_chunks_in_place: 1.
 - new_chunks_are_fully_committed: 0.
 - uncommit_free_chunks: 1.
 - use_allocation_guard: 0.
 - handle_deallocations: 1.


Internal statistics:

num_allocs_failed_limit: 9.
num_arena_births: 796.
num_arena_deaths: 0.
num_vsnodes_births: 2.
num_vsnodes_deaths: 0.
num_space_committed: 1142.
num_space_uncommitted: 0.
num_chunks_returned_to_freelist: 9.
num_chunks_taken_from_freelist: 3337.
num_chunk_merges: 9.
num_chunk_splits: 2469.
num_chunks_enlarged: 1946.
num_inconsistent_stats: 0.

CodeHeap 'non-profiled nmethods': size=120000Kb used=3137Kb max_used=3420Kb free=116863Kb
 bounds [0x0000023142bd0000, 0x0000023142f40000, 0x000002314a100000]
CodeHeap 'profiled nmethods': size=120000Kb used=11198Kb max_used=12111Kb free=108801Kb
 bounds [0x000002313b100000, 0x000002313bce0000, 0x0000023142630000]
CodeHeap 'non-nmethods': size=5760Kb used=1377Kb max_used=1422Kb free=4382Kb
 bounds [0x0000023142630000, 0x00000231428a0000, 0x0000023142bd0000]
 total_blobs=6311 nmethods=5611 adapters=612
 compilation: enabled
              stopped_count=0, restarted_count=0
 full_count=0

Compilation events (20 events):
Event: 14.373 Thread 0x00000231518996e0 6508       2       org.springframework.boot.autoconfigure.condition.ConditionEvaluationReport$$Lambda$1758/0x0000023153a21800::accept (16 bytes)
Event: 14.375 Thread 0x00000231518996e0 nmethod 6508 0x000002313b207510 code [0x000002313b207780, 0x000002313b207e98]
Event: 14.375 Thread 0x00000231518996e0 6510       3       java.util.TreeMap::forEach (58 bytes)
Event: 14.376 Thread 0x00000231518996e0 nmethod 6510 0x000002313b206710 code [0x000002313b206920, 0x000002313b206fb8]
Event: 14.376 Thread 0x00000231518996e0 6509       2       org.springframework.boot.autoconfigure.condition.ConditionEvaluationReport::lambda$getConditionAndOutcomesBySource$1 (13 bytes)
Event: 14.377 Thread 0x00000231518996e0 nmethod 6509 0x000002313b2b9a10 code [0x000002313b2b9c80, 0x000002313b2ba2f8]
Event: 14.378 Thread 0x00000231518996e0 6511       2       org.springframework.core.OrderComparator::getOrder (111 bytes)
Event: 14.378 Thread 0x00000231518996e0 nmethod 6511 0x000002313ba3e010 code [0x000002313ba3e200, 0x000002313ba3e558]
Event: 14.381 Thread 0x00000231518996e0 6512       2       org.springframework.core.NativeDetector::inNativeImage (4 bytes)
Event: 14.381 Thread 0x00000231518996e0 nmethod 6512 0x000002313b21b790 code [0x000002313b21b920, 0x000002313b21ba18]
Event: 14.385 Thread 0x000002315188cae0 nmethod 6315 0x0000023142e5eb90 code [0x0000023142e5f360, 0x0000023142e66038]
Event: 14.387 Thread 0x000002315188cae0 6313       4       java.lang.StringLatin1::lastIndexOf (40 bytes)
Event: 14.389 Thread 0x000002315188cae0 nmethod 6313 0x0000023142d39a90 code [0x0000023142d39c00, 0x0000023142d39cf8]
Event: 14.389 Thread 0x000002315188cae0 5935       4       org.springframework.beans.factory.support.AbstractBeanFactory::getMergedLocalBeanDefinition (38 bytes)
Event: 14.424 Thread 0x000002315188cae0 nmethod 5935 0x0000023142d36e10 code [0x0000023142d37040, 0x0000023142d37ff0]
Event: 14.424 Thread 0x000002315188cae0 6423       4       java.lang.String::hashCode (60 bytes)
Event: 14.428 Thread 0x000002315188cae0 nmethod 6423 0x0000023142d39390 code [0x0000023142d39520, 0x0000023142d39728]
Event: 14.428 Thread 0x000002315188cae0 5950       4       org.springframework.beans.factory.support.AbstractBeanFactory::transformedBeanName (9 bytes)
Event: 14.444 Thread 0x000002315188cae0 nmethod 5950 0x0000023142be2d10 code [0x0000023142be2ee0, 0x0000023142be36c8]
Event: 14.444 Thread 0x000002315188cae0 6422   !   4       java.util.zip.ZipFile::getEntry (59 bytes)

GC Heap History (20 events):
Event: 10.191 GC heap before
{Heap before GC invocations=10 (full 0):
 garbage-first heap   total 58368K, used 42798K [0x0000000083a00000, 0x0000000100000000)
  region size 1024K, 22 young (22528K), 3 survivors (3072K)
 Metaspace       used 48570K, committed 49024K, reserved 1114112K
  class space    used 6365K, committed 6592K, reserved 1048576K
}
Event: 10.196 GC heap after
{Heap after GC invocations=11 (full 0):
 garbage-first heap   total 58368K, used 26009K [0x0000000083a00000, 0x0000000100000000)
  region size 1024K, 2 young (2048K), 2 survivors (2048K)
 Metaspace       used 48570K, committed 49024K, reserved 1114112K
  class space    used 6365K, committed 6592K, reserved 1048576K
}
Event: 10.829 GC heap before
{Heap before GC invocations=11 (full 0):
 garbage-first heap   total 58368K, used 44441K [0x0000000083a00000, 0x0000000100000000)
  region size 1024K, 20 young (20480K), 2 survivors (2048K)
 Metaspace       used 54228K, committed 54656K, reserved 1114112K
  class space    used 7196K, committed 7424K, reserved 1048576K
}
Event: 10.832 GC heap after
{Heap after GC invocations=12 (full 0):
 garbage-first heap   total 58368K, used 26474K [0x0000000083a00000, 0x0000000100000000)
  region size 1024K, 3 young (3072K), 3 survivors (3072K)
 Metaspace       used 54228K, committed 54656K, reserved 1114112K
  class space    used 7196K, committed 7424K, reserved 1048576K
}
Event: 11.379 GC heap before
{Heap before GC invocations=12 (full 0):
 garbage-first heap   total 58368K, used 43882K [0x0000000083a00000, 0x0000000100000000)
  region size 1024K, 21 young (21504K), 3 survivors (3072K)
 Metaspace       used 57984K, committed 58560K, reserved 1114112K
  class space    used 7797K, committed 8064K, reserved 1048576K
}
Event: 11.383 GC heap after
{Heap after GC invocations=13 (full 0):
 garbage-first heap   total 58368K, used 27150K [0x0000000083a00000, 0x0000000100000000)
  region size 1024K, 2 young (2048K), 2 survivors (2048K)
 Metaspace       used 57984K, committed 58560K, reserved 1114112K
  class space    used 7797K, committed 8064K, reserved 1048576K
}
Event: 11.568 GC heap before
{Heap before GC invocations=13 (full 0):
 garbage-first heap   total 58368K, used 33294K [0x0000000083a00000, 0x0000000100000000)
  region size 1024K, 10 young (10240K), 2 survivors (2048K)
 Metaspace       used 60110K, committed 60608K, reserved 1114112K
  class space    used 8073K, committed 8320K, reserved 1048576K
}
Event: 11.571 GC heap after
{Heap after GC invocations=14 (full 0):
 garbage-first heap   total 58368K, used 27711K [0x0000000083a00000, 0x0000000100000000)
  region size 1024K, 2 young (2048K), 2 survivors (2048K)
 Metaspace       used 60110K, committed 60608K, reserved 1114112K
  class space    used 8073K, committed 8320K, reserved 1048576K
}
Event: 11.760 GC heap before
{Heap before GC invocations=15 (full 0):
 garbage-first heap   total 58368K, used 46143K [0x0000000083a00000, 0x0000000100000000)
  region size 1024K, 20 young (20480K), 2 survivors (2048K)
 Metaspace       used 60929K, committed 61440K, reserved 1114112K
  class space    used 8356K, committed 8576K, reserved 1048576K
}
Event: 11.764 GC heap after
{Heap after GC invocations=16 (full 0):
 garbage-first heap   total 58368K, used 28407K [0x0000000083a00000, 0x0000000100000000)
  region size 1024K, 2 young (2048K), 2 survivors (2048K)
 Metaspace       used 60929K, committed 61440K, reserved 1114112K
  class space    used 8356K, committed 8576K, reserved 1048576K
}
Event: 12.176 GC heap before
{Heap before GC invocations=16 (full 0):
 garbage-first heap   total 58368K, used 45815K [0x0000000083a00000, 0x0000000100000000)
  region size 1024K, 20 young (20480K), 2 survivors (2048K)
 Metaspace       used 63271K, committed 63744K, reserved 1114112K
  class space    used 8680K, committed 8896K, reserved 1048576K
}
Event: 12.180 GC heap after
{Heap after GC invocations=17 (full 0):
 garbage-first heap   total 58368K, used 29310K [0x0000000083a00000, 0x0000000100000000)
  region size 1024K, 3 young (3072K), 3 survivors (3072K)
 Metaspace       used 63271K, committed 63744K, reserved 1114112K
  class space    used 8680K, committed 8896K, reserved 1048576K
}
Event: 12.626 GC heap before
{Heap before GC invocations=18 (full 0):
 garbage-first heap   total 58368K, used 45694K [0x0000000083a00000, 0x0000000100000000)
  region size 1024K, 19 young (19456K), 3 survivors (3072K)
 Metaspace       used 66056K, committed 66560K, reserved 1114112K
  class space    used 9068K, committed 9280K, reserved 1048576K
}
Event: 12.630 GC heap after
{Heap after GC invocations=19 (full 0):
 garbage-first heap   total 58368K, used 30416K [0x0000000083a00000, 0x0000000100000000)
  region size 1024K, 3 young (3072K), 3 survivors (3072K)
 Metaspace       used 66056K, committed 66560K, reserved 1114112K
  class space    used 9068K, committed 9280K, reserved 1048576K
}
Event: 13.137 GC heap before
{Heap before GC invocations=19 (full 0):
 garbage-first heap   total 58368K, used 45776K [0x0000000083a00000, 0x0000000100000000)
  region size 1024K, 19 young (19456K), 3 survivors (3072K)
 Metaspace       used 67863K, committed 68416K, reserved 1114112K
  class space    used 9315K, committed 9600K, reserved 1048576K
}
Event: 13.142 GC heap after
{Heap after GC invocations=20 (full 0):
 garbage-first heap   total 58368K, used 32096K [0x0000000083a00000, 0x0000000100000000)
  region size 1024K, 3 young (3072K), 3 survivors (3072K)
 Metaspace       used 67863K, committed 68416K, reserved 1114112K
  class space    used 9315K, committed 9600K, reserved 1048576K
}
Event: 13.618 GC heap before
{Heap before GC invocations=21 (full 0):
 garbage-first heap   total 60416K, used 46432K [0x0000000083a00000, 0x0000000100000000)
  region size 1024K, 17 young (17408K), 3 survivors (3072K)
 Metaspace       used 69777K, committed 70336K, reserved 1114112K
  class space    used 9591K, committed 9856K, reserved 1048576K
}
Event: 13.622 GC heap after
{Heap after GC invocations=22 (full 0):
 garbage-first heap   total 60416K, used 33447K [0x0000000083a00000, 0x0000000100000000)
  region size 1024K, 2 young (2048K), 2 survivors (2048K)
 Metaspace       used 69777K, committed 70336K, reserved 1114112K
  class space    used 9591K, committed 9856K, reserved 1048576K
}
Event: 14.225 GC heap before
{Heap before GC invocations=22 (full 0):
 garbage-first heap   total 60416K, used 48807K [0x0000000083a00000, 0x0000000100000000)
  region size 1024K, 17 young (17408K), 2 survivors (2048K)
 Metaspace       used 71957K, committed 72576K, reserved 1114112K
  class space    used 9915K, committed 10240K, reserved 1048576K
}
Event: 14.229 GC heap after
{Heap after GC invocations=23 (full 0):
 garbage-first heap   total 60416K, used 34916K [0x0000000083a00000, 0x0000000100000000)
  region size 1024K, 3 young (3072K), 3 survivors (3072K)
 Metaspace       used 71957K, committed 72576K, reserved 1114112K
  class space    used 9915K, committed 10240K, reserved 1048576K
}

Dll operation events (13 events):
Event: 0.017 Loaded shared library C:\Users\dulce\.jdks\corretto-17.0.14\bin\java.dll
Event: 0.058 Loaded shared library C:\Users\dulce\.jdks\corretto-17.0.14\bin\jsvml.dll
Event: 0.305 Loaded shared library C:\Users\dulce\.jdks\corretto-17.0.14\bin\zip.dll
Event: 0.312 Loaded shared library C:\Users\dulce\.jdks\corretto-17.0.14\bin\instrument.dll
Event: 0.327 Loaded shared library C:\Users\dulce\.jdks\corretto-17.0.14\bin\net.dll
Event: 0.331 Loaded shared library C:\Users\dulce\.jdks\corretto-17.0.14\bin\nio.dll
Event: 0.339 Loaded shared library C:\Users\dulce\.jdks\corretto-17.0.14\bin\zip.dll
Event: 0.736 Loaded shared library C:\Users\dulce\.jdks\corretto-17.0.14\bin\extnet.dll
Event: 0.834 Loaded shared library C:\Users\dulce\.jdks\corretto-17.0.14\bin\jimage.dll
Event: 1.469 Loaded shared library C:\Users\dulce\.jdks\corretto-17.0.14\bin\management.dll
Event: 1.475 Loaded shared library C:\Users\dulce\.jdks\corretto-17.0.14\bin\management_ext.dll
Event: 3.162 Loaded shared library C:\Users\dulce\.jdks\corretto-17.0.14\bin\sunmscapi.dll
Event: 7.948 Loaded shared library C:\Users\dulce\.jdks\corretto-17.0.14\bin\verify.dll

Deoptimization events (20 events):
Event: 13.861 Thread 0x0000023151ac65e0 DEOPT PACKING pc=0x0000023142d8f7c4 sp=0x000000c9b75fcdf0
Event: 13.861 Thread 0x0000023151ac65e0 DEOPT UNPACKING pc=0x000002314268a1a3 sp=0x000000c9b75fcd90 mode 2
Event: 13.934 Thread 0x0000023151ac65e0 DEOPT PACKING pc=0x000002313b2c3914 sp=0x000000c9b75fc9b0
Event: 13.934 Thread 0x0000023151ac65e0 DEOPT UNPACKING pc=0x000002314268ace3 sp=0x000000c9b75fbe48 mode 0
Event: 14.008 Thread 0x0000023151ac65e0 DEOPT PACKING pc=0x000002313b2c3914 sp=0x000000c9b75fb210
Event: 14.008 Thread 0x0000023151ac65e0 DEOPT UNPACKING pc=0x000002314268ace3 sp=0x000000c9b75fa6a8 mode 0
Event: 14.111 Thread 0x0000023151ac65e0 DEOPT PACKING pc=0x000002313b2c3914 sp=0x000000c9b75f88e0
Event: 14.111 Thread 0x0000023151ac65e0 DEOPT UNPACKING pc=0x000002314268ace3 sp=0x000000c9b75f7d78 mode 0
Event: 14.294 Thread 0x0000023151ac65e0 Uncommon trap: trap_request=0xffffff54 fr.pc=0x0000023142c6ddf0 relative=0x0000000000000230
Event: 14.294 Thread 0x0000023151ac65e0 Uncommon trap: reason=speculate_null_assert action=make_not_entrant pc=0x0000023142c6ddf0 method=org.springframework.util.ConcurrentReferenceHashMap$Segment.restructureIfNecessary(Z)V @ 41 c2
Event: 14.294 Thread 0x0000023151ac65e0 DEOPT PACKING pc=0x0000023142c6ddf0 sp=0x000000c9b75fe4a0
Event: 14.294 Thread 0x0000023151ac65e0 DEOPT UNPACKING pc=0x000002314268a1a3 sp=0x000000c9b75fe478 mode 2
Event: 14.358 Thread 0x0000023151ac65e0 Uncommon trap: trap_request=0xffffff45 fr.pc=0x0000023142e4e990 relative=0x00000000000000f0
Event: 14.358 Thread 0x0000023151ac65e0 Uncommon trap: reason=unstable_if action=reinterpret pc=0x0000023142e4e990 method=java.util.ArrayList.indexOfRange(Ljava/lang/Object;II)I @ 7 c2
Event: 14.358 Thread 0x0000023151ac65e0 DEOPT PACKING pc=0x0000023142e4e990 sp=0x000000c9b75fe180
Event: 14.358 Thread 0x0000023151ac65e0 DEOPT UNPACKING pc=0x000002314268a1a3 sp=0x000000c9b75fe100 mode 2
Event: 14.373 Thread 0x0000023151ac65e0 DEOPT PACKING pc=0x000002313b791a46 sp=0x000000c9b75fe2d0
Event: 14.373 Thread 0x0000023151ac65e0 DEOPT UNPACKING pc=0x000002314268ace3 sp=0x000000c9b75fd7a8 mode 0
Event: 14.383 Thread 0x0000023151ac65e0 DEOPT PACKING pc=0x000002313b2c3914 sp=0x000000c9b75fd9b0
Event: 14.383 Thread 0x0000023151ac65e0 DEOPT UNPACKING pc=0x000002314268ace3 sp=0x000000c9b75fce48 mode 0

Classes loaded (20 events):
Event: 14.391 Loading class java/beans/WeakIdentityMap done
Event: 14.391 Loading class java/beans/ThreadGroupContext$1 done
Event: 14.391 Loading class java/beans/WeakIdentityMap$Entry
Event: 14.391 Loading class java/beans/WeakIdentityMap$Entry done
Event: 14.391 Loading class com/sun/beans/introspect/ClassInfo
Event: 14.392 Loading class com/sun/beans/introspect/ClassInfo done
Event: 14.392 Loading class com/sun/beans/introspect/ClassInfo$1
Event: 14.392 Loading class com/sun/beans/util/Cache
Event: 14.392 Loading class com/sun/beans/util/Cache done
Event: 14.392 Loading class com/sun/beans/introspect/ClassInfo$1 done
Event: 14.392 Loading class com/sun/beans/util/Cache$Kind
Event: 14.392 Loading class com/sun/beans/util/Cache$Kind done
Event: 14.392 Loading class com/sun/beans/util/Cache$Kind$1
Event: 14.393 Loading class com/sun/beans/util/Cache$Kind$1 done
Event: 14.393 Loading class com/sun/beans/util/Cache$Kind$2
Event: 14.393 Loading class com/sun/beans/util/Cache$Kind$2 done
Event: 14.393 Loading class com/sun/beans/util/Cache$Kind$3
Event: 14.393 Loading class com/sun/beans/util/Cache$Kind$3 done
Event: 14.393 Loading class com/sun/beans/util/Cache$CacheEntry
Event: 14.394 Loading class com/sun/beans/util/Cache$CacheEntry done

Classes unloaded (0 events):
No events

Classes redefined (0 events):
No events

Internal exceptions (20 events):
Event: 12.176 Thread 0x0000023151ac65e0 Exception <a 'java/lang/IncompatibleClassChangeError'{0x00000000861fe7d0}: Found class java.lang.Object, but interface was expected> (0x00000000861fe7d0) 
thrown [s\src\hotspot\share\interpreter\linkResolver.cpp, line 826]
Event: 12.272 Thread 0x0000023151ac65e0 Exception <a 'java/lang/IncompatibleClassChangeError'{0x0000000087bad598}: Found class java.lang.Object, but interface was expected> (0x0000000087bad598) 
thrown [s\src\hotspot\share\interpreter\linkResolver.cpp, line 826]
Event: 12.400 Thread 0x0000023151ac65e0 Exception <a 'java/lang/IncompatibleClassChangeError'{0x00000000877e8650}: Found class java.lang.Object, but interface was expected> (0x00000000877e8650) 
thrown [s\src\hotspot\share\interpreter\linkResolver.cpp, line 826]
Event: 12.554 Thread 0x0000023151ac65e0 Exception <a 'java/lang/reflect/InvocationTargetException'{0x00000000868e7be0}> (0x00000000868e7be0) 
thrown [s\src\hotspot\share\runtime\reflection.cpp, line 1128]
Event: 12.667 Thread 0x0000023151ac65e0 Exception <a 'java/lang/NoSuchMethodError'{0x0000000087b42a18}: 'long java.lang.invoke.DirectMethodHandle$Holder.invokeVirtual(java.lang.Object, java.lang.Object)'> (0x0000000087b42a18) 
thrown [s\src\hotspot\share\interpreter\linkResolver.cpp, line 759]
Event: 12.674 Thread 0x0000023151ac65e0 Exception <a 'java/io/FileNotFoundException'{0x0000000087b70c08}> (0x0000000087b70c08) 
thrown [s\src\hotspot\share\prims\jni.cpp, line 516]
Event: 12.718 Thread 0x0000023151ac65e0 Exception <a 'java/lang/NoSuchMethodError'{0x0000000087a988f8}: 'void java.lang.invoke.DirectMethodHandle$Holder.invokeVirtual(java.lang.Object, java.lang.Object, long)'> (0x0000000087a988f8) 
thrown [s\src\hotspot\share\interpreter\linkResolver.cpp, line 759]
Event: 12.795 Thread 0x0000023151ac65e0 Exception <a 'java/lang/reflect/InvocationTargetException'{0x00000000877ad1b0}> (0x00000000877ad1b0) 
thrown [s\src\hotspot\share\runtime\reflection.cpp, line 1128]
Event: 12.819 Thread 0x0000023151ac65e0 Exception <a 'java/lang/NoSuchMethodError'{0x000000008761efc8}: 'java.lang.Object java.lang.invoke.DirectMethodHandle$Holder.newInvokeSpecial(java.lang.Object, java.lang.Object, int)'> (0x000000008761efc8) 
thrown [s\src\hotspot\share\interpreter\linkResolver.cpp, line 759]
Event: 12.827 Thread 0x0000023151ac65e0 Exception <a 'java/lang/IncompatibleClassChangeError'{0x0000000087649740}: Found class java.lang.Object, but interface was expected> (0x0000000087649740) 
thrown [s\src\hotspot\share\interpreter\linkResolver.cpp, line 826]
Event: 12.829 Thread 0x0000023151ac65e0 Exception <a 'java/lang/IncompatibleClassChangeError'{0x000000008764ffd0}: Found class java.lang.Object, but interface was expected> (0x000000008764ffd0) 
thrown [s\src\hotspot\share\interpreter\linkResolver.cpp, line 826]
Event: 12.867 Thread 0x0000023151ac65e0 Exception <a 'java/lang/NoSuchMethodError'{0x000000008750ac50}: 'java.lang.Object java.lang.invoke.DirectMethodHandle$Holder.invokeStatic(java.lang.Object, int, java.lang.Object)'> (0x000000008750ac50) 
thrown [s\src\hotspot\share\interpreter\linkResolver.cpp, line 759]
Event: 12.878 Thread 0x0000023151ac65e0 Exception <a 'java/lang/reflect/InvocationTargetException'{0x000000008753d7f0}> (0x000000008753d7f0) 
thrown [s\src\hotspot\share\runtime\reflection.cpp, line 1128]
Event: 12.923 Thread 0x0000023151ac65e0 Exception <a 'java/lang/reflect/InvocationTargetException'{0x0000000086aefc60}> (0x0000000086aefc60) 
thrown [s\src\hotspot\share\runtime\reflection.cpp, line 1128]
Event: 12.956 Thread 0x0000023151ac65e0 Exception <a 'java/lang/reflect/InvocationTargetException'{0x0000000086857568}> (0x0000000086857568) 
thrown [s\src\hotspot\share\runtime\reflection.cpp, line 1128]
Event: 13.426 Thread 0x0000023151ac65e0 Exception <a 'java/lang/IncompatibleClassChangeError'{0x000000008759f4c0}: Found class java.lang.Object, but interface was expected> (0x000000008759f4c0) 
thrown [s\src\hotspot\share\interpreter\linkResolver.cpp, line 826]
Event: 13.913 Thread 0x0000023151ac65e0 Exception <a 'java/lang/IncompatibleClassChangeError'{0x0000000086cff400}: Found class java.lang.Object, but interface was expected> (0x0000000086cff400) 
thrown [s\src\hotspot\share\interpreter\linkResolver.cpp, line 826]
Event: 14.083 Thread 0x0000023151ac65e0 Exception <a 'java/lang/NoSuchMethodError'{0x00000000868bb428}: 'java.lang.Object java.lang.invoke.DirectMethodHandle$Holder.invokeSpecial(java.lang.Object, java.lang.Object, java.lang.Object, java.lang.Object, java.lang.Object, java.lang.Object, java.lang.Object, java.lang.Object, java.lang.Object, java.lang.Object, java.lang.Object)'> (0x00000000868bb428) 
thrown [s\src\hotspot\share\interpreter\linkResolver.cpp, line 759]
Event: 14.084 Thread 0x0000023151ac65e0 Exception <a 'java/lang/NoSuchMethodError'{0x00000000868bf858}: 'java.lang.Object java.lang.invoke.Invokers$Holder.invoke_MT(java.lang.Object, java.lang.Object, java.lang.Object, java.lang.Object, java.lang.Object, java.lang.Object, java.lang.Object, java.lang.Object, java.lang.Object, java.lang.Object, java.lang.Object)'> (0x00000000868bf858) 
thrown [s\src\hotspot\share\interpreter\linkResolver.cpp, line 759]
Event: 14.302 Thread 0x0000023151ac65e0 Exception <a 'java/lang/NoSuchMethodError'{0x0000000087b32c00}: 'java.lang.Object java.lang.invoke.DirectMethodHandle$Holder.newInvokeSpecial(java.lang.Object, java.lang.Object, int, java.lang.Object, java.lang.Object)'> (0x0000000087b32c00) 
thrown [s\src\hotspot\share\interpreter\linkResolver.cpp, line 759]

VM Operations (20 events):
Event: 13.203 Executing VM operation: HandshakeAllThreads
Event: 13.203 Executing VM operation: HandshakeAllThreads done
Event: 13.270 Executing VM operation: HandshakeAllThreads
Event: 13.271 Executing VM operation: HandshakeAllThreads done
Event: 13.436 Executing VM operation: HandshakeAllThreads
Event: 13.436 Executing VM operation: HandshakeAllThreads done
Event: 13.463 Executing VM operation: HandshakeAllThreads
Event: 13.463 Executing VM operation: HandshakeAllThreads done
Event: 13.618 Executing VM operation: G1CollectForAllocation
Event: 13.622 Executing VM operation: G1CollectForAllocation done
Event: 13.813 Executing VM operation: HandshakeAllThreads
Event: 13.813 Executing VM operation: HandshakeAllThreads done
Event: 14.225 Executing VM operation: G1CollectForAllocation
Event: 14.229 Executing VM operation: G1CollectForAllocation done
Event: 14.286 Executing VM operation: G1PauseRemark
Event: 14.291 Executing VM operation: G1PauseRemark done
Event: 14.294 Executing VM operation: HandshakeAllThreads
Event: 14.294 Executing VM operation: HandshakeAllThreads done
Event: 14.316 Executing VM operation: G1PauseCleanup
Event: 14.316 Executing VM operation: G1PauseCleanup done

Memory protections (0 events):
No events

Nmethod flushes (20 events):
Event: 11.822 Thread 0x000002315189abb0 flushing  nmethod 0x000002313bbdfe90
Event: 11.822 Thread 0x000002315189abb0 flushing  nmethod 0x000002313bbe0e10
Event: 11.823 Thread 0x000002315189abb0 flushing  nmethod 0x000002313bbe1f10
Event: 11.823 Thread 0x000002315189abb0 flushing  nmethod 0x000002313bbe2390
Event: 11.823 Thread 0x000002315189abb0 flushing  nmethod 0x000002313bbe7510
Event: 11.823 Thread 0x000002315189abb0 flushing  nmethod 0x000002313bbe8e90
Event: 11.823 Thread 0x000002315189abb0 flushing  nmethod 0x000002313bbea490
Event: 11.823 Thread 0x000002315189abb0 flushing  nmethod 0x000002313bbeb210
Event: 11.823 Thread 0x000002315189abb0 flushing  nmethod 0x000002313bbf8910
Event: 11.823 Thread 0x000002315189abb0 flushing  nmethod 0x000002313bc8ab10
Event: 11.823 Thread 0x000002315189abb0 flushing  nmethod 0x000002313bc8eb10
Event: 11.823 Thread 0x000002315189abb0 flushing  nmethod 0x000002313bc91590
Event: 11.823 Thread 0x000002315189abb0 flushing  nmethod 0x000002313bc92510
Event: 11.823 Thread 0x000002315189abb0 flushing  nmethod 0x000002313bc9ca10
Event: 11.823 Thread 0x000002315189abb0 flushing  nmethod 0x000002313bca7690
Event: 11.823 Thread 0x000002315189abb0 flushing  nmethod 0x000002313bcbc090
Event: 11.823 Thread 0x000002315189abb0 flushing  nmethod 0x000002313bcc0c90
Event: 11.823 Thread 0x000002315189abb0 flushing  nmethod 0x000002313bccc390
Event: 11.823 Thread 0x000002315189abb0 flushing  nmethod 0x000002313bccd290
Event: 11.823 Thread 0x000002315189abb0 flushing  nmethod 0x000002313bccde10

Events (20 events):
Event: 14.231 Thread 0x0000023151ac65e0 Thread added: 0x0000023197747560
Event: 14.248 Thread 0x0000023151ac65e0 Thread added: 0x0000023197742460
Event: 14.249 Thread 0x0000023151ac65e0 Thread added: 0x0000023197747f80
Event: 14.252 Thread 0x0000023197742460 Thread exited: 0x0000023197742460
Event: 14.326 Thread 0x0000023151ac65e0 Thread added: 0x00000231977438a0
Event: 14.327 Thread 0x0000023151ac65e0 Thread added: 0x0000023197740b10
Event: 14.327 Thread 0x0000023151ac65e0 Thread added: 0x0000023197747a70
Event: 14.327 Thread 0x0000023151ac65e0 Thread added: 0x0000023197743390
Event: 14.327 Thread 0x0000023151ac65e0 Thread added: 0x00000231977447d0
Event: 14.327 Thread 0x0000023151ac65e0 Thread added: 0x0000023197746630
Event: 14.328 Thread 0x0000023151ac65e0 Thread added: 0x0000023197746b40
Event: 14.328 Thread 0x0000023151ac65e0 Thread added: 0x0000023197742460
Event: 14.328 Thread 0x0000023151ac65e0 Thread added: 0x0000023197744ce0
Event: 14.328 Thread 0x0000023151ac65e0 Thread added: 0x0000023197748490
Event: 14.348 Thread 0x0000023151ac65e0 Thread added: 0x0000023197743db0
Event: 14.350 Thread 0x0000023151ac65e0 Thread added: 0x00000231977451f0
Event: 14.390 Thread 0x0000023151ac65e0 Thread exited: 0x0000023151ac65e0
Event: 14.395 Thread 0x0000023151ac3d60 Thread exited: 0x0000023151ac3d60
Event: 14.395 Thread 0x00000231335d9f40 Thread exited: 0x00000231335d9f40
Event: 14.395 Thread 0x0000023197746120 Thread added: 0x0000023197746120


Dynamic libraries:
0x00007ff6d7e30000 - 0x00007ff6d7e3e000 	C:\Users\dulce\.jdks\corretto-17.0.14\bin\java.exe
0x00007fffee6f0000 - 0x00007fffee907000 	C:\WINDOWS\SYSTEM32\ntdll.dll
0x00007fffed880000 - 0x00007fffed944000 	C:\WINDOWS\System32\KERNEL32.DLL
0x00007fffebf20000 - 0x00007fffec2f2000 	C:\WINDOWS\System32\KERNELBASE.dll
0x00007fffeb7e0000 - 0x00007fffeb8f1000 	C:\WINDOWS\System32\ucrtbase.dll
0x00007fffc8830000 - 0x00007fffc8847000 	C:\Users\dulce\.jdks\corretto-17.0.14\bin\jli.dll
0x00007fffc5170000 - 0x00007fffc518b000 	C:\Users\dulce\.jdks\corretto-17.0.14\bin\VCRUNTIME140.dll
0x00007fffed410000 - 0x00007fffed5c1000 	C:\WINDOWS\System32\USER32.dll
0x00007fffeba70000 - 0x00007fffeba96000 	C:\WINDOWS\System32\win32u.dll
0x00007fffdaa30000 - 0x00007fffdaccb000 	C:\WINDOWS\WinSxS\amd64_microsoft.windows.common-controls_6595b64144ccf1df_6.0.22621.5697_none_27154c497380d676\COMCTL32.dll
0x00007fffee4e0000 - 0x00007fffee509000 	C:\WINDOWS\System32\GDI32.dll
0x00007fffed9c0000 - 0x00007fffeda67000 	C:\WINDOWS\System32\msvcrt.dll
0x00007fffebbe0000 - 0x00007fffebd03000 	C:\WINDOWS\System32\gdi32full.dll
0x00007fffebe80000 - 0x00007fffebf1a000 	C:\WINDOWS\System32\msvcp_win.dll
0x00007fffed350000 - 0x00007fffed381000 	C:\WINDOWS\System32\IMM32.DLL
0x00007fffe4e80000 - 0x00007fffe4e8c000 	C:\Users\dulce\.jdks\corretto-17.0.14\bin\vcruntime140_1.dll
0x00007fffabda0000 - 0x00007fffabe2d000 	C:\Users\dulce\.jdks\corretto-17.0.14\bin\msvcp140.dll
0x00007fff593e0000 - 0x00007fff5a04c000 	C:\Users\dulce\.jdks\corretto-17.0.14\bin\server\jvm.dll
0x00007fffee510000 - 0x00007fffee5c1000 	C:\WINDOWS\System32\ADVAPI32.dll
0x00007fffec820000 - 0x00007fffec8c8000 	C:\WINDOWS\System32\sechost.dll
0x00007fffebd90000 - 0x00007fffebdb8000 	C:\WINDOWS\System32\bcrypt.dll
0x00007fffed640000 - 0x00007fffed757000 	C:\WINDOWS\System32\RPCRT4.dll
0x00007fffed2d0000 - 0x00007fffed341000 	C:\WINDOWS\System32\WS2_32.dll
0x00007fffeb6b0000 - 0x00007fffeb6fd000 	C:\WINDOWS\SYSTEM32\POWRPROF.dll
0x00007fffe48f0000 - 0x00007fffe4924000 	C:\WINDOWS\SYSTEM32\WINMM.dll
0x00007fffe53d0000 - 0x00007fffe53da000 	C:\WINDOWS\SYSTEM32\VERSION.dll
0x00007fffeb690000 - 0x00007fffeb6a3000 	C:\WINDOWS\SYSTEM32\UMPDC.dll
0x00007fffea7c0000 - 0x00007fffea7d8000 	C:\WINDOWS\SYSTEM32\kernel.appcore.dll
0x00007fffd6430000 - 0x00007fffd643a000 	C:\Users\dulce\.jdks\corretto-17.0.14\bin\jimage.dll
0x00007fffe9140000 - 0x00007fffe9373000 	C:\WINDOWS\SYSTEM32\DBGHELP.DLL
0x00007fffece80000 - 0x00007fffed212000 	C:\WINDOWS\System32\combase.dll
0x00007fffee5d0000 - 0x00007fffee6a8000 	C:\WINDOWS\System32\OLEAUT32.dll
0x00007fffe2930000 - 0x00007fffe2962000 	C:\WINDOWS\SYSTEM32\dbgcore.DLL
0x00007fffec300000 - 0x00007fffec37b000 	C:\WINDOWS\System32\bcryptPrimitives.dll
0x00007fffd1f30000 - 0x00007fffd1f3e000 	C:\Users\dulce\.jdks\corretto-17.0.14\bin\instrument.dll
0x00007fffc5140000 - 0x00007fffc5165000 	C:\Users\dulce\.jdks\corretto-17.0.14\bin\java.dll
0x00007fff8f050000 - 0x00007fff8f127000 	C:\Users\dulce\.jdks\corretto-17.0.14\bin\jsvml.dll
0x00007fffeda90000 - 0x00007fffee331000 	C:\WINDOWS\System32\SHELL32.dll
0x00007fffebaa0000 - 0x00007fffebbdf000 	C:\WINDOWS\System32\wintypes.dll
0x00007fffe96c0000 - 0x00007fffe9fda000 	C:\WINDOWS\SYSTEM32\windows.storage.dll
0x00007fffee340000 - 0x00007fffee44b000 	C:\WINDOWS\System32\SHCORE.dll
0x00007fffed950000 - 0x00007fffed9b9000 	C:\WINDOWS\System32\shlwapi.dll
0x00007fffeb710000 - 0x00007fffeb73b000 	C:\WINDOWS\SYSTEM32\profapi.dll
0x00007fffb8170000 - 0x00007fffb8188000 	C:\Users\dulce\.jdks\corretto-17.0.14\bin\zip.dll
0x00007fffb8150000 - 0x00007fffb8169000 	C:\Users\dulce\.jdks\corretto-17.0.14\bin\net.dll
0x00007fffe3690000 - 0x00007fffe37bc000 	C:\WINDOWS\SYSTEM32\WINHTTP.dll
0x00007fffeac90000 - 0x00007fffeacf9000 	C:\WINDOWS\system32\mswsock.dll
0x00007fffb8130000 - 0x00007fffb8146000 	C:\Users\dulce\.jdks\corretto-17.0.14\bin\nio.dll
0x00007fffc9a90000 - 0x00007fffc9a99000 	C:\Users\dulce\.jdks\corretto-17.0.14\bin\extnet.dll
0x00007fffc8870000 - 0x00007fffc8879000 	C:\Users\dulce\.jdks\corretto-17.0.14\bin\management.dll
0x00007fffc82f0000 - 0x00007fffc82fb000 	C:\Users\dulce\.jdks\corretto-17.0.14\bin\management_ext.dll
0x00007fffeda80000 - 0x00007fffeda88000 	C:\WINDOWS\System32\PSAPI.DLL
0x00007fffc4ff0000 - 0x00007fffc4ffe000 	C:\Users\dulce\.jdks\corretto-17.0.14\bin\sunmscapi.dll
0x00007fffeb900000 - 0x00007fffeba68000 	C:\WINDOWS\System32\CRYPT32.dll
0x00007fffeb0a0000 - 0x00007fffeb0cd000 	C:\WINDOWS\SYSTEM32\ncrypt.dll
0x00007fffeb060000 - 0x00007fffeb097000 	C:\WINDOWS\SYSTEM32\NTASN1.dll
0x00007fffeaee0000 - 0x00007fffeaefb000 	C:\WINDOWS\SYSTEM32\CRYPTSP.dll
0x00007fffea720000 - 0x00007fffea757000 	C:\WINDOWS\system32\rsaenh.dll
0x00007fffead80000 - 0x00007fffeada8000 	C:\WINDOWS\SYSTEM32\USERENV.dll
0x00007fffeaf00000 - 0x00007fffeaf0c000 	C:\WINDOWS\SYSTEM32\CRYPTBASE.dll
0x00007fffea240000 - 0x00007fffea26d000 	C:\WINDOWS\SYSTEM32\IPHLPAPI.DLL
0x00007fffed760000 - 0x00007fffed769000 	C:\WINDOWS\System32\NSI.dll
0x00007fffe3670000 - 0x00007fffe3689000 	C:\WINDOWS\SYSTEM32\dhcpcsvc6.DLL
0x00007fffe3650000 - 0x00007fffe366f000 	C:\WINDOWS\SYSTEM32\dhcpcsvc.DLL
0x00007fffea2b0000 - 0x00007fffea3a8000 	C:\WINDOWS\SYSTEM32\DNSAPI.dll
0x00007fffc1920000 - 0x00007fffc1930000 	C:\Users\dulce\.jdks\corretto-17.0.14\bin\verify.dll
0x00007fffdce90000 - 0x00007fffdce9a000 	C:\Windows\System32\rasadhlp.dll
0x00007fffde770000 - 0x00007fffde7f4000 	C:\WINDOWS\System32\fwpuclnt.dll
0x00007fff70600000 - 0x00007fff70608000 	C:\WINDOWS\system32\wshunix.dll

dbghelp: loaded successfully - version: 4.0.5 - missing functions: none
symbol engine: initialized successfully - sym options: 0x614 - pdb path: .;C:\Users\dulce\.jdks\corretto-17.0.14\bin;C:\WINDOWS\SYSTEM32;C:\WINDOWS\WinSxS\amd64_microsoft.windows.common-controls_6595b64144ccf1df_6.0.22621.5697_none_27154c497380d676;C:\Users\dulce\.jdks\corretto-17.0.14\bin\server

VM Arguments:
jvm_args: -javaagent:C:\Program Files\JetBrains\IntelliJ IDEA Community Edition 2025.1.3\lib\idea_rt.jar=60061 -Dfile.encoding=UTF-8 
java_command: progama_JWT.sitema_de_autentificacion.SitemaDeAutentificacionApplication
java_class_path (initial): C:\Users\dulce\Pictures\JWT\sitema_de_autentificacion\target\classes;C:\Users\dulce\.m2\repository\org\springframework\boot\spring-boot-starter-data-jpa\3.5.3\spring-boot-starter-data-jpa-3.5.3.jar;C:\Users\dulce\.m2\repository\org\springframework\boot\spring-boot-starter\3.5.3\spring-boot-starter-3.5.3.jar;C:\Users\dulce\.m2\repository\org\springframework\boot\spring-boot-starter-logging\3.5.3\spring-boot-starter-logging-3.5.3.jar;C:\Users\dulce\.m2\repository\ch\qos\logback\logback-classic\1.5.18\logback-classic-1.5.18.jar;C:\Users\dulce\.m2\repository\ch\qos\logback\logback-core\1.5.18\logback-core-1.5.18.jar;C:\Users\dulce\.m2\repository\org\apache\logging\log4j\log4j-to-slf4j\2.24.3\log4j-to-slf4j-2.24.3.jar;C:\Users\dulce\.m2\repository\org\apache\logging\log4j\log4j-api\2.24.3\log4j-api-2.24.3.jar;C:\Users\dulce\.m2\repository\org\slf4j\jul-to-slf4j\2.0.17\jul-to-slf4j-2.0.17.jar;C:\Users\dulce\.m2\repository\jakarta\annotation\jakarta.annotation-api\2.1.1\jakarta.annotation-api-2.1.1.jar;C:\Users\dulce\.m2\repository\org\yaml\snakeyaml\2.4\snakeyaml-2.4.jar;C:\Users\dulce\.m2\repository\org\springframework\boot\spring-boot-starter-jdbc\3.5.3\spring-boot-starter-jdbc-3.5.3.jar;C:\Users\dulce\.m2\repository\com\zaxxer\HikariCP\6.3.0\HikariCP-6.3.0.jar;C:\Users\dulce\.m2\repository\org\springframework\spring-jdbc\6.2.8\spring-jdbc-6.2.8.jar;C:\Users\dulce\.m2\repository\org\hibernate\orm\hibernate-core\6.6.18.Final\hibernate-core-6.6.18.Final.jar;C:\Users\dulce\.m2\repository\jakarta\persistence\jakarta.persistence-api\3.1.0\jakarta.persistence-api-3.1.0.jar;C:\Users\dulce\.m2\repository\jakarta\transaction\jakarta.transaction-api\2.0.1\jakarta.transaction-api-2.0.1.jar;C:\Users\dulce\.m2\repository\org\jboss\logging\jboss-logging\3.6.1.Final\jboss-logging-3.6.1.Final.jar;C:\Users\dulce\.m2\repository\org\hibernate\common\hibernate-commons-annotations\7.0.3.Final\hibernate-commons-annotations-7.0.3.Final.jar;C:\Users\dulce\.m2\repos
Launcher Type: SUN_STANDARD

[Global flags]
     intx CICompilerCount                          = 4                                         {product} {ergonomic}
     uint ConcGCThreads                            = 2                                         {product} {ergonomic}
     uint G1ConcRefinementThreads                  = 8                                         {product} {ergonomic}
   size_t G1HeapRegionSize                         = 1048576                                   {product} {ergonomic}
    uintx GCDrainStackTargetSize                   = 64                                        {product} {ergonomic}
   size_t InitialHeapSize                          = 132120576                                 {product} {ergonomic}
   size_t MarkStackSize                            = 4194304                                   {product} {ergonomic}
   size_t MaxHeapSize                              = 2086666240                                {product} {ergonomic}
   size_t MaxNewSize                               = 1251999744                                {product} {ergonomic}
   size_t MinHeapDeltaBytes                        = 1048576                                   {product} {ergonomic}
   size_t MinHeapSize                              = 8388608                                   {product} {ergonomic}
    uintx NonNMethodCodeHeapSize                   = 5839372                                {pd product} {ergonomic}
    uintx NonProfiledCodeHeapSize                  = 122909434                              {pd product} {ergonomic}
    uintx ProfiledCodeHeapSize                     = 122909434                              {pd product} {ergonomic}
    uintx ReservedCodeCacheSize                    = 251658240                              {pd product} {ergonomic}
     bool SegmentedCodeCache                       = true                                      {product} {ergonomic}
   size_t SoftMaxHeapSize                          = 2086666240                             {manageable} {ergonomic}
     bool UseCompressedClassPointers               = true                           {product lp64_product} {ergonomic}
     bool UseCompressedOops                        = true                           {product lp64_product} {ergonomic}
     bool UseG1GC                                  = true                                      {product} {ergonomic}
     bool UseLargePagesIndividualAllocation        = false                                  {pd product} {ergonomic}

Logging:
Log output configuration:
 #0: stdout all=warning uptime,level,tags
 #1: stderr all=off uptime,level,tags

Environment Variables:
PATH=C:\Python313\Scripts\;C:\Python313\;C:\oraclexe\app\oracle\product\10.2.0\server\bin;C:\Program Files\Common Files\Oracle\Java\javapath;C:\Program Files (x86)\Common Files\Oracle\Java\java8path;C:\Program Files (x86)\Common Files\Oracle\Java\javapath;C:\WINDOWS\system32;C:\WINDOWS;C:\WINDOWS\System32\Wbem;C:\WINDOWS\System32\WindowsPowerShell\v1.0\;C:\WINDOWS\System32\OpenSSH\;C:\Program Files\dotnet\;C:\developer\apache-maven\bin;C:\ProgramData\chocolatey\bin;C:\Program Files\Git\cmd;C:\Program Files\nodejs\;C:\Program Files\apache-maven-3.9.9\bin;C:\Program Files\MySQL\MySQL Shell 8.0\bin\;C:\Users\dulce\AppData\Local\Microsoft\WindowsApps;C:\Users\dulce\AppData\Local\Programs\Microsoft VS Code\bin;C:\Program Files\JetBrains\IntelliJ IDEA 2024.3\bin;;C:\Users\dulce\AppData\Roaming\npm;C:\Program Files\apache-maven-3.9.9;;C:\Program Files\JetBrains\IntelliJ IDEA Community Edition 2025.1.3\bin;
USERNAME=dulce
OS=Windows_NT
PROCESSOR_IDENTIFIER=Intel64 Family 6 Model 126 Stepping 5, GenuineIntel
TMP=C:\Users\dulce\AppData\Local\Temp
TEMP=C:\Users\dulce\AppData\Local\Temp



Periodic native trim disabled


---------------  S Y S T E M  ---------------

OS:
 Windows 11 , 64 bit Build 22621 (10.0.22621.5415)
OS uptime: 12 days 17:19 hours

CPU: total 8 (initial active 8) (4 cores per cpu, 2 threads per core) family 6 model 126 stepping 5 microcode 0xca, cx8, cmov, fxsr, ht, mmx, 3dnowpref, sse, sse2, sse3, ssse3, sse4.1, sse4.2, popcnt, lzcnt, tsc, tscinvbit, avx, avx2, aes, erms, clmul, bmi1, bmi2, adx, avx512f, avx512dq, avx512cd, avx512bw, avx512vl, sha, fma, vzeroupper, avx512_vpopcntdq, avx512_vpclmulqdq, avx512_vaes, avx512_vnni, clflush, clflushopt, avx512_vbmi2, avx512_vbmi
Processor Information for all 8 processors :
  Max Mhz: 1190, Current Mhz: 991, Mhz Limit: 987

Memory: 4k page, system-wide physical 7958M (263M free)
TotalPageFile size 17537M (AvailPageFile size 0M)
current process WorkingSet (physical memory assigned to process): 244M, peak: 250M
current process commit charge ("private bytes"): 287M, peak: 291M

vm_info: OpenJDK 64-Bit Server VM (17.0.14+7-LTS) for windows-amd64 JRE (17.0.14+7-LTS), built on Jan  7 2025 20:14:24 by "Administrator" with MS VC++ 16.10 / 16.11 (VS2019)

END.
